SF:lib/bloc/base_bloc.dart
DA:10,1
DA:11,1
DA:12,2
DA:15,1
DA:16,2
DA:17,2
DA:19,1
DA:20,1
DA:21,3
DA:22,1
DA:23,3
DA:25,2
DA:27,3
DA:28,2
LF:14
LH:14
end_of_record
SF:lib/bloc/base_event.dart
DA:4,1
DA:8,1
DA:10,1
DA:11,1
DA:15,1
DA:17,1
DA:18,1
LF:7
LH:7
end_of_record
SF:lib/bloc/base_state.dart
DA:5,1
DA:7,1
DA:8,1
DA:18,1
DA:20,1
DA:21,2
LF:6
LH:6
end_of_record
SF:lib/models/article.dart
DA:20,1
DA:24,1
DA:28,1
DA:29,1
DA:30,1
DA:31,1
DA:32,1
DA:33,1
DA:34,1
DA:35,1
DA:36,1
DA:37,1
DA:38,1
DA:39,1
DA:44,0
DA:45,0
DA:46,0
DA:47,0
DA:48,0
DA:49,0
DA:50,0
DA:51,0
DA:52,0
DA:53,0
DA:54,0
DA:55,0
DA:56,0
LF:27
LH:14
end_of_record
SF:lib/repositories/base_api_client.dart
DA:13,1
DA:15,1
DA:17,0
DA:18,0
DA:19,0
DA:21,0
DA:22,0
DA:23,0
DA:25,0
DA:27,0
DA:29,0
DA:30,0
DA:33,0
LF:13
LH:2
end_of_record
SF:lib/models/tags.dart
DA:5,0
DA:7,0
DA:8,0
DA:9,0
DA:10,0
LF:5
LH:0
end_of_record
